Determining if the pthread_create exist failed with the following output:
Change Dir: /home/omnisky/.vscode/CGgraph/build/CMakeFiles/CMakeTmp

Run Build Command:"/usr/bin/ninja" "cmTC_39dc7"
[1/2] Building C object CMakeFiles/cmTC_39dc7.dir/CheckSymbolExists.c.o
[2/2] Linking C executable cmTC_39dc7
FAILED: cmTC_39dc7 
: && /usr/bin/gcc -fPIC  -rdynamic CMakeFiles/cmTC_39dc7.dir/CheckSymbolExists.c.o  -o cmTC_39dc7   && :
CMakeFiles/cmTC_39dc7.dir/CheckSymbolExists.c.o: In function `main':
CheckSymbolExists.c:(.text+0x1b): undefined reference to `pthread_create'
collect2: error: ld returned 1 exit status
ninja: build stopped: subcommand failed.

File /home/omnisky/.vscode/CGgraph/build/CMakeFiles/CMakeTmp/CheckSymbolExists.c:
/* */
#include <pthread.h>

int main(int argc, char** argv)
{
  (void)argv;
#ifndef pthread_create
  return ((int*)(&pthread_create))[argc];
#else
  (void)argc;
  return 0;
#endif
}

Determining if the function pthread_create exists in the pthreads failed with the following output:
Change Dir: /home/omnisky/.vscode/CGgraph/build/CMakeFiles/CMakeTmp

Run Build Command:"/usr/bin/ninja" "cmTC_c9958"
[1/2] Building C object CMakeFiles/cmTC_c9958.dir/CheckFunctionExists.c.o
[2/2] Linking C executable cmTC_c9958
FAILED: cmTC_c9958 
: && /usr/bin/gcc -fPIC -DCHECK_FUNCTION_EXISTS=pthread_create  -rdynamic CMakeFiles/cmTC_c9958.dir/CheckFunctionExists.c.o  -o cmTC_c9958  -lpthreads && :
/usr/bin/ld: cannot find -lpthreads
collect2: error: ld returned 1 exit status
ninja: build stopped: subcommand failed.


